<?xml version="1.0" encoding="UTF-8" standalone="no"?>
<!DOCTYPE log SYSTEM "logger.dtd">
<log>
</log>
Dec 21, 2023 2:13:31 PM varelim.VariableElimination variableElimination
INFO: Starting Variable Elimination...

Dec 21, 2023 2:13:31 PM varelim.VariableElimination variableElimination
INFO: 
Query variable: Alarm - True, False
Dec 21, 2023 2:13:31 PM varelim.VariableElimination variableElimination
INFO: Observed variables: []
Dec 21, 2023 2:13:31 PM varelim.VariableElimination variableElimination
INFO: Elimination order: [Burglary - True, False, Earthquake - True, False]
Dec 21, 2023 2:13:31 PM varelim.VariableElimination variableElimination
INFO: Identifying factors and reducing observed variables.

Dec 21, 2023 2:13:31 PM varelim.VariableElimination variableElimination
INFO: Factor added:
Burglary | 
True | 0.01
False | 0.99

Dec 21, 2023 2:13:31 PM varelim.VariableElimination variableElimination
INFO: Factor added:
Earthquake | 
True | 0.02
False | 0.98

Dec 21, 2023 2:13:31 PM varelim.VariableElimination variableElimination
INFO: Factor added:
Alarm | Burglary, Earthquake
True, True, True | 0.95
False, True, True | 0.05
True, False, True | 0.29
False, False, True | 0.71
True, True, False | 0.94
False, True, False | 0.06
True, False, False | 0.001
False, False, False | 0.999

Dec 21, 2023 2:13:31 PM varelim.VariableElimination variableElimination
INFO: Eliminating variable Burglary.

Dec 21, 2023 2:13:31 PM varelim.VariableElimination variableElimination
INFO: Factor below contains variable Burglary:
Burglary | 
True | 0.01
False | 0.99

Dec 21, 2023 2:13:31 PM varelim.VariableElimination variableElimination
INFO: Factor below contains variable Burglary:
Alarm | Burglary, Earthquake
True, True, True | 0.95
False, True, True | 0.05
True, False, True | 0.29
False, False, True | 0.71
True, True, False | 0.94
False, True, False | 0.06
True, False, False | 0.001
False, False, False | 0.999

Dec 21, 2023 2:13:31 PM varelim.VariableElimination variableElimination
INFO: Factor after multiplying factors containing Burglary:
Burglary | Alarm, Earthquake
True, True, True | 0.0095
True, False, True | 5.0E-4
True, True, False | 0.0094
True, False, False | 6.0E-4
False, True, True | 0.28709999999999997
False, False, True | 0.7029
False, True, False | 9.9E-4
False, False, False | 0.98901

Dec 21, 2023 2:13:31 PM varelim.VariableElimination variableElimination
INFO: Factor after marginalizing using Burglary:
Alarm | Earthquake
True, True | 0.2966
False, True | 0.7033999999999999
True, False | 0.01039
False, False | 0.98961

Dec 21, 2023 2:13:31 PM varelim.VariableElimination variableElimination
INFO: Updated factor list:

Dec 21, 2023 2:13:31 PM varelim.VariableElimination variableElimination
INFO: Earthquake | 
True | 0.02
False | 0.98

Dec 21, 2023 2:13:31 PM varelim.VariableElimination variableElimination
INFO: Alarm | Earthquake
True, True | 0.2966
False, True | 0.7033999999999999
True, False | 0.01039
False, False | 0.98961

Dec 21, 2023 2:13:31 PM varelim.VariableElimination variableElimination
INFO: Eliminating variable Earthquake.

Dec 21, 2023 2:13:31 PM varelim.VariableElimination variableElimination
INFO: Factor below contains variable Earthquake:
Earthquake | 
True | 0.02
False | 0.98

Dec 21, 2023 2:13:31 PM varelim.VariableElimination variableElimination
INFO: Factor below contains variable Earthquake:
Alarm | Earthquake
True, True | 0.2966
False, True | 0.7033999999999999
True, False | 0.01039
False, False | 0.98961

Dec 21, 2023 2:13:31 PM varelim.VariableElimination variableElimination
INFO: Factor after multiplying factors containing Earthquake:
Earthquake | Alarm
True, True | 0.005932
True, False | 0.014067999999999999
False, True | 0.010182199999999999
False, False | 0.9698178

Dec 21, 2023 2:13:31 PM varelim.VariableElimination variableElimination
INFO: Factor after marginalizing using Earthquake:
Alarm | 
True | 0.0161142
False | 0.9838857999999999

Dec 21, 2023 2:13:31 PM varelim.VariableElimination variableElimination
INFO: Updated factor list:

Dec 21, 2023 2:13:31 PM varelim.VariableElimination variableElimination
INFO: Alarm | 
True | 0.0161142
False | 0.9838857999999999

Dec 21, 2023 2:13:31 PM varelim.VariableElimination variableElimination
INFO: Normalized result:
Alarm | 
True | 0.016114200000000002
False | 0.9838858
Dec 21, 2023 2:13:31 PM varelim.VariableElimination variableElimination
INFO: Variable Elimination took 7558400 nanoseconds.
